TN:
SF:/Users/nat/KBProIDE3/boards/kidbright/package/kidbright-actionbar/src/actionbar/ActionbarBuild.vue
FN:136,(anonymous_1)
FN:140,(anonymous_2)
FN:157,(anonymous_3)
FN:162,(anonymous_4)
FN:170,(anonymous_5)
FN:174,(anonymous_6)
FN:176,(anonymous_7)
FN:189,(anonymous_8)
FN:198,(anonymous_9)
FNF:9
FNH:0
FNDA:0,(anonymous_1)
FNDA:0,(anonymous_2)
FNDA:0,(anonymous_3)
FNDA:0,(anonymous_4)
FNDA:0,(anonymous_5)
FNDA:0,(anonymous_6)
FNDA:0,(anonymous_7)
FNDA:0,(anonymous_8)
FNDA:0,(anonymous_9)
DA:85,0
DA:86,0
DA:87,0
DA:88,0
DA:90,0
DA:91,0
DA:92,0
DA:93,0
DA:96,0
DA:125,0
DA:126,0
DA:127,0
DA:128,0
DA:129,0
DA:130,0
DA:133,0
DA:134,0
DA:135,0
DA:136,0
DA:137,0
DA:138,0
DA:139,0
DA:141,0
DA:142,0
DA:143,0
DA:144,0
DA:145,0
DA:146,0
DA:148,0
DA:149,0
DA:150,0
DA:157,0
DA:158,0
DA:159,0
DA:161,0
DA:163,0
DA:164,0
DA:165,0
DA:166,0
DA:167,0
DA:168,0
DA:169,0
DA:171,0
DA:172,0
DA:173,0
DA:175,0
DA:176,0
DA:177,0
DA:178,0
DA:179,0
DA:180,0
DA:181,0
DA:182,0
DA:183,0
DA:184,0
DA:185,0
DA:186,0
DA:187,0
DA:190,0
DA:191,0
DA:192,0
DA:199,0
DA:200,0
LF:63
LH:0
BRDA:179,0,0,0
BRDA:179,0,1,0
BRDA:182,1,0,0
BRDA:182,1,1,0
BRDA:185,2,0,0
BRDA:185,2,1,0
BRDA:199,3,0,0
BRDA:199,3,1,0
BRF:8
BRH:0
end_of_record
TN:
SF:/Users/nat/KBProIDE3/boards/kidbright/package/kidbright-actionbar/src/actionbar/ActionbarJustCompile.vue
FN:124,(anonymous_1)
FN:127,(anonymous_2)
FN:144,(anonymous_3)
FN:148,(anonymous_4)
FN:152,(anonymous_5)
FN:154,(anonymous_6)
FN:167,(anonymous_7)
FN:177,(anonymous_8)
FNF:8
FNH:0
FNDA:0,(anonymous_1)
FNDA:0,(anonymous_2)
FNDA:0,(anonymous_3)
FNDA:0,(anonymous_4)
FNDA:0,(anonymous_5)
FNDA:0,(anonymous_6)
FNDA:0,(anonymous_7)
FNDA:0,(anonymous_8)
DA:71,0
DA:72,0
DA:73,0
DA:74,0
DA:76,0
DA:77,0
DA:78,0
DA:82,0
DA:111,0
DA:112,0
DA:113,0
DA:114,0
DA:115,0
DA:116,0
DA:119,0
DA:120,0
DA:121,0
DA:122,0
DA:124,0
DA:125,0
DA:127,0
DA:129,0
DA:130,0
DA:131,0
DA:132,0
DA:133,0
DA:135,0
DA:136,0
DA:137,0
DA:144,0
DA:145,0
DA:147,0
DA:149,0
DA:150,0
DA:151,0
DA:153,0
DA:154,0
DA:155,0
DA:156,0
DA:157,0
DA:158,0
DA:159,0
DA:160,0
DA:161,0
DA:162,0
DA:163,0
DA:164,0
DA:165,0
DA:168,0
DA:170,0
DA:172,0
DA:178,0
DA:179,0
LF:53
LH:0
BRDA:157,0,0,0
BRDA:157,0,1,0
BRDA:160,1,0,0
BRDA:160,1,1,0
BRDA:163,2,0,0
BRDA:163,2,1,0
BRDA:178,3,0,0
BRDA:178,3,1,0
BRF:8
BRH:0
end_of_record
TN:
SF:/Users/nat/KBProIDE3/boards/kidbright/package/kidbright-actionbar/src/actionbar/ActionbarQrCode.vue
FN:59,(anonymous_1)
FN:62,(anonymous_2)
FN:65,(anonymous_3)
FNF:3
FNH:0
FNDA:0,(anonymous_1)
FNDA:0,(anonymous_2)
FNDA:0,(anonymous_3)
DA:36,0
DA:38,0
DA:39,0
DA:40,0
DA:41,0
DA:42,0
DA:43,0
DA:49,0
DA:57,0
DA:58,0
DA:59,0
DA:60,0
DA:61,0
DA:63,0
DA:64,0
DA:66,0
DA:67,0
DA:69,0
LF:18
LH:0
BRF:0
BRH:0
end_of_record
TN:
SF:/Users/nat/KBProIDE3/boards/kidbright/package/kidbright-actionbar/src/actionbar/ActionbarSetClock.vue
FN:49,(anonymous_1)
FN:57,(anonymous_2)
FN:62,(anonymous_3)
FN:63,(anonymous_4)
FN:68,(anonymous_5)
FN:71,(anonymous_6)
FNF:6
FNH:0
FNDA:0,(anonymous_1)
FNDA:0,(anonymous_2)
FNDA:0,(anonymous_3)
FNDA:0,(anonymous_4)
FNDA:0,(anonymous_5)
FNDA:0,(anonymous_6)
DA:33,0
DA:34,0
DA:35,0
DA:36,0
DA:37,0
DA:40,0
DA:48,0
DA:49,0
DA:50,0
DA:54,0
DA:55,0
DA:56,0
DA:57,0
DA:58,0
DA:59,0
DA:60,0
DA:61,0
DA:63,0
DA:64,0
DA:65,0
DA:66,0
DA:69,0
DA:70,0
DA:71,0
DA:72,0
DA:73,0
DA:74,0
LF:27
LH:0
BRF:0
BRH:0
end_of_record
TN:
SF:/Users/nat/KBProIDE3/boards/kidbright/package/kidbright-actionbar/src/actionbar/ActionbarWifi.vue
FNF:0
FNH:0
DA:60,0
LF:1
LH:0
BRF:0
BRH:0
end_of_record
TN:
SF:/Users/nat/KBProIDE3/dist_electron/mac/kbide.app/Contents/boards/kidbright/package/kidbright-actionbar/src/actionbar/ActionbarBuild.vue
FN:136,(anonymous_1)
FN:140,(anonymous_2)
FN:157,(anonymous_3)
FN:162,(anonymous_4)
FN:170,(anonymous_5)
FN:174,(anonymous_6)
FN:176,(anonymous_7)
FN:189,(anonymous_8)
FN:198,(anonymous_9)
FNF:9
FNH:0
FNDA:0,(anonymous_1)
FNDA:0,(anonymous_2)
FNDA:0,(anonymous_3)
FNDA:0,(anonymous_4)
FNDA:0,(anonymous_5)
FNDA:0,(anonymous_6)
FNDA:0,(anonymous_7)
FNDA:0,(anonymous_8)
FNDA:0,(anonymous_9)
DA:85,0
DA:86,0
DA:87,0
DA:88,0
DA:90,0
DA:91,0
DA:92,0
DA:93,0
DA:96,0
DA:125,0
DA:126,0
DA:127,0
DA:128,0
DA:129,0
DA:130,0
DA:133,0
DA:134,0
DA:135,0
DA:136,0
DA:137,0
DA:138,0
DA:139,0
DA:141,0
DA:142,0
DA:143,0
DA:144,0
DA:145,0
DA:146,0
DA:148,0
DA:149,0
DA:150,0
DA:157,0
DA:158,0
DA:159,0
DA:161,0
DA:163,0
DA:164,0
DA:165,0
DA:166,0
DA:167,0
DA:168,0
DA:169,0
DA:171,0
DA:172,0
DA:173,0
DA:175,0
DA:176,0
DA:177,0
DA:178,0
DA:179,0
DA:180,0
DA:181,0
DA:182,0
DA:183,0
DA:184,0
DA:185,0
DA:186,0
DA:187,0
DA:190,0
DA:191,0
DA:192,0
DA:199,0
DA:200,0
LF:63
LH:0
BRDA:179,0,0,0
BRDA:179,0,1,0
BRDA:182,1,0,0
BRDA:182,1,1,0
BRDA:185,2,0,0
BRDA:185,2,1,0
BRDA:199,3,0,0
BRDA:199,3,1,0
BRF:8
BRH:0
end_of_record
TN:
SF:/Users/nat/KBProIDE3/dist_electron/mac/kbide.app/Contents/boards/kidbright/package/kidbright-actionbar/src/actionbar/ActionbarJustCompile.vue
FN:124,(anonymous_1)
FN:127,(anonymous_2)
FN:144,(anonymous_3)
FN:148,(anonymous_4)
FN:152,(anonymous_5)
FN:154,(anonymous_6)
FN:167,(anonymous_7)
FN:177,(anonymous_8)
FNF:8
FNH:0
FNDA:0,(anonymous_1)
FNDA:0,(anonymous_2)
FNDA:0,(anonymous_3)
FNDA:0,(anonymous_4)
FNDA:0,(anonymous_5)
FNDA:0,(anonymous_6)
FNDA:0,(anonymous_7)
FNDA:0,(anonymous_8)
DA:71,0
DA:72,0
DA:73,0
DA:74,0
DA:76,0
DA:77,0
DA:78,0
DA:82,0
DA:111,0
DA:112,0
DA:113,0
DA:114,0
DA:115,0
DA:116,0
DA:119,0
DA:120,0
DA:121,0
DA:122,0
DA:124,0
DA:125,0
DA:127,0
DA:129,0
DA:130,0
DA:131,0
DA:132,0
DA:133,0
DA:135,0
DA:136,0
DA:137,0
DA:144,0
DA:145,0
DA:147,0
DA:149,0
DA:150,0
DA:151,0
DA:153,0
DA:154,0
DA:155,0
DA:156,0
DA:157,0
DA:158,0
DA:159,0
DA:160,0
DA:161,0
DA:162,0
DA:163,0
DA:164,0
DA:165,0
DA:168,0
DA:170,0
DA:172,0
DA:178,0
DA:179,0
LF:53
LH:0
BRDA:157,0,0,0
BRDA:157,0,1,0
BRDA:160,1,0,0
BRDA:160,1,1,0
BRDA:163,2,0,0
BRDA:163,2,1,0
BRDA:178,3,0,0
BRDA:178,3,1,0
BRF:8
BRH:0
end_of_record
TN:
SF:/Users/nat/KBProIDE3/dist_electron/mac/kbide.app/Contents/boards/kidbright/package/kidbright-actionbar/src/actionbar/ActionbarQrCode.vue
FN:59,(anonymous_1)
FN:62,(anonymous_2)
FN:65,(anonymous_3)
FNF:3
FNH:0
FNDA:0,(anonymous_1)
FNDA:0,(anonymous_2)
FNDA:0,(anonymous_3)
DA:36,0
DA:38,0
DA:39,0
DA:40,0
DA:41,0
DA:42,0
DA:43,0
DA:49,0
DA:57,0
DA:58,0
DA:59,0
DA:60,0
DA:61,0
DA:63,0
DA:64,0
DA:66,0
DA:67,0
DA:69,0
LF:18
LH:0
BRF:0
BRH:0
end_of_record
TN:
SF:/Users/nat/KBProIDE3/dist_electron/mac/kbide.app/Contents/boards/kidbright/package/kidbright-actionbar/src/actionbar/ActionbarSetClock.vue
FN:49,(anonymous_1)
FN:57,(anonymous_2)
FN:62,(anonymous_3)
FN:63,(anonymous_4)
FN:68,(anonymous_5)
FN:71,(anonymous_6)
FNF:6
FNH:0
FNDA:0,(anonymous_1)
FNDA:0,(anonymous_2)
FNDA:0,(anonymous_3)
FNDA:0,(anonymous_4)
FNDA:0,(anonymous_5)
FNDA:0,(anonymous_6)
DA:33,0
DA:34,0
DA:35,0
DA:36,0
DA:37,0
DA:40,0
DA:48,0
DA:49,0
DA:50,0
DA:54,0
DA:55,0
DA:56,0
DA:57,0
DA:58,0
DA:59,0
DA:60,0
DA:61,0
DA:63,0
DA:64,0
DA:65,0
DA:66,0
DA:69,0
DA:70,0
DA:71,0
DA:72,0
DA:73,0
DA:74,0
LF:27
LH:0
BRF:0
BRH:0
end_of_record
TN:
SF:/Users/nat/KBProIDE3/dist_electron/mac/kbide.app/Contents/boards/kidbright/package/kidbright-actionbar/src/actionbar/ActionbarWifi.vue
FNF:0
FNH:0
DA:60,0
LF:1
LH:0
BRF:0
BRH:0
end_of_record
TN:
SF:/Users/nat/KBProIDE3/src/App.vue
FN:223,(anonymous_1)
FN:227,(anonymous_2)
FN:239,(anonymous_3)
FN:242,(anonymous_4)
FN:245,(anonymous_5)
FN:248,(anonymous_6)
FN:251,(anonymous_7)
FN:255,(anonymous_8)
FN:271,(anonymous_9)
FN:278,(anonymous_10)
FN:284,(anonymous_11)
FN:304,(anonymous_12)
FN:308,(anonymous_13)
FN:320,(anonymous_14)
FN:373,(anonymous_15)
FN:415,(anonymous_16)
FNF:16
FNH:0
FNDA:0,(anonymous_1)
FNDA:0,(anonymous_2)
FNDA:0,(anonymous_3)
FNDA:0,(anonymous_4)
FNDA:0,(anonymous_5)
FNDA:0,(anonymous_6)
FNDA:0,(anonymous_7)
FNDA:0,(anonymous_8)
FNDA:0,(anonymous_9)
FNDA:0,(anonymous_10)
FNDA:0,(anonymous_11)
FNDA:0,(anonymous_12)
FNDA:0,(anonymous_13)
FNDA:0,(anonymous_14)
FNDA:0,(anonymous_15)
FNDA:0,(anonymous_16)
DA:172,0
DA:173,0
DA:174,0
DA:175,0
DA:176,0
DA:178,0
DA:180,0
DA:181,0
DA:182,0
DA:183,0
DA:184,0
DA:185,0
DA:187,0
DA:189,0
DA:191,0
DA:204,0
DA:227,0
DA:228,0
DA:230,0
DA:233,0
DA:235,0
DA:236,0
DA:238,0
DA:239,0
DA:240,0
DA:242,0
DA:243,0
DA:245,0
DA:246,0
DA:248,0
DA:249,0
DA:251,0
DA:252,0
DA:253,0
DA:254,0
DA:256,0
DA:261,0
DA:264,0
DA:265,0
DA:266,0
DA:267,0
DA:269,0
DA:271,0
DA:272,0
DA:273,0
DA:275,0
DA:278,0
DA:279,0
DA:280,0
DA:281,0
DA:282,0
DA:283,0
DA:284,0
DA:285,0
DA:286,0
DA:287,0
DA:288,0
DA:289,0
DA:290,0
DA:294,0
DA:299,0
DA:300,0
DA:301,0
DA:305,0
DA:306,0
DA:309,0
DA:310,0
DA:311,0
DA:312,0
DA:314,0
DA:315,0
DA:317,0
DA:318,0
DA:321,0
DA:322,0
DA:324,0
DA:325,0
DA:327,0
DA:330,0
DA:332,0
DA:333,0
DA:335,0
DA:338,0
DA:340,0
DA:341,0
DA:343,0
DA:346,0
DA:348,0
DA:349,0
DA:351,0
DA:354,0
DA:356,0
DA:357,0
DA:359,0
DA:362,0
DA:364,0
DA:367,0
DA:370,0
DA:374,0
DA:375,0
DA:377,0
DA:380,0
DA:382,0
DA:385,0
DA:387,0
DA:390,0
DA:392,0
DA:393,0
DA:395,0
DA:398,0
DA:400,0
DA:401,0
DA:403,0
DA:406,0
DA:408,0
DA:409,0
DA:411,0
DA:412,0
DA:416,0
DA:417,0
DA:418,0
DA:420,0
DA:421,0
DA:423,0
DA:424,0
DA:425,0
DA:426,0
LF:127
LH:0
BRDA:281,0,0,0
BRDA:281,0,1,0
BRDA:285,1,0,0
BRDA:285,1,1,0
BRDA:289,2,0,0
BRDA:289,2,1,0
BRDA:300,3,0,0
BRDA:300,3,1,0
BRDA:310,4,0,0
BRDA:310,4,1,0
BRDA:323,5,0,0
BRDA:323,5,1,0
BRDA:323,5,2,0
BRDA:323,5,3,0
BRDA:323,5,4,0
BRDA:323,5,5,0
BRDA:323,5,6,0
BRDA:323,5,7,0
BRDA:323,5,8,0
BRDA:323,5,9,0
BRDA:323,5,10,0
BRDA:376,6,0,0
BRDA:376,6,1,0
BRDA:376,6,2,0
BRDA:376,6,3,0
BRDA:376,6,4,0
BRDA:376,6,5,0
BRDA:376,6,6,0
BRDA:376,6,7,0
BRDA:376,6,8,0
BRDA:416,7,0,0
BRDA:416,7,1,0
BRF:32
BRH:0
end_of_record
TN:
SF:/Users/nat/KBProIDE3/src/engine/AsyncComponent.vue
FN:18,(anonymous_1)
FN:23,(anonymous_2)
FN:27,(anonymous_3)
FN:30,(anonymous_5)
FNF:4
FNH:0
FNDA:0,(anonymous_1)
FNDA:0,(anonymous_2)
FNDA:0,(anonymous_3)
FNDA:0,(anonymous_5)
DA:10,0
DA:15,0
DA:19,0
DA:24,0
DA:25,0
DA:26,0
DA:27,0
DA:29,0
DA:30,0
DA:33,0
LF:10
LH:0
BRDA:24,0,0,0
BRDA:24,0,1,0
BRDA:25,1,0,0
BRDA:25,1,1,0
BRF:4
BRH:0
end_of_record
TN:
SF:/Users/nat/KBProIDE3/src/engine/components/board_selector/ToolbarBoard.vue
FN:257,(anonymous_1)
FN:261,(anonymous_2)
FN:276,(anonymous_3)
FN:279,(anonymous_4)
FN:284,(anonymous_5)
FN:295,(anonymous_6)
FN:302,(anonymous_7)
FN:314,(anonymous_8)
FN:318,(anonymous_9)
FN:319,(anonymous_10)
FN:331,(anonymous_11)
FN:336,(anonymous_12)
FN:342,(anonymous_13)
FN:347,(anonymous_14)
FN:357,(anonymous_15)
FN:368,(anonymous_16)
FN:374,(anonymous_17)
FN:375,(anonymous_18)
FN:378,(anonymous_19)
FN:385,(anonymous_20)
FN:392,(anonymous_21)
FN:396,(anonymous_22)
FN:397,(anonymous_23)
FN:403,(anonymous_24)
FN:411,(anonymous_25)
FN:416,(anonymous_26)
FN:428,(anonymous_27)
FN:431,(anonymous_28)
FN:434,(anonymous_29)
FN:438,(anonymous_30)
FN:440,(anonymous_31)
FN:443,(anonymous_32)
FN:446,(anonymous_33)
FN:453,(anonymous_34)
FN:461,(anonymous_35)
FN:470,(anonymous_36)
FN:476,(anonymous_37)
FN:486,(anonymous_38)
FN:503,(anonymous_39)
FNF:39
FNH:0
FNDA:0,(anonymous_1)
FNDA:0,(anonymous_2)
FNDA:0,(anonymous_3)
FNDA:0,(anonymous_4)
FNDA:0,(anonymous_5)
FNDA:0,(anonymous_6)
FNDA:0,(anonymous_7)
FNDA:0,(anonymous_8)
FNDA:0,(anonymous_9)
FNDA:0,(anonymous_10)
FNDA:0,(anonymous_11)
FNDA:0,(anonymous_12)
FNDA:0,(anonymous_13)
FNDA:0,(anonymous_14)
FNDA:0,(anonymous_15)
FNDA:0,(anonymous_16)
FNDA:0,(anonymous_17)
FNDA:0,(anonymous_18)
FNDA:0,(anonymous_19)
FNDA:0,(anonymous_20)
FNDA:0,(anonymous_21)
FNDA:0,(anonymous_22)
FNDA:0,(anonymous_23)
FNDA:0,(anonymous_24)
FNDA:0,(anonymous_25)
FNDA:0,(anonymous_26)
FNDA:0,(anonymous_27)
FNDA:0,(anonymous_28)
FNDA:0,(anonymous_29)
FNDA:0,(anonymous_30)
FNDA:0,(anonymous_31)
FNDA:0,(anonymous_32)
FNDA:0,(anonymous_33)
FNDA:0,(anonymous_34)
FNDA:0,(anonymous_35)
FNDA:0,(anonymous_36)
FNDA:0,(anonymous_37)
FNDA:0,(anonymous_38)
FNDA:0,(anonymous_39)
DA:240,0
DA:241,0
DA:242,0
DA:243,0
DA:244,0
DA:245,0
DA:247,0
DA:250,0
DA:258,0
DA:259,0
DA:262,0
DA:263,0
DA:276,0
DA:279,0
DA:282,0
DA:285,0
DA:286,0
DA:294,0
DA:295,0
DA:296,0
DA:297,0
DA:298,0
DA:299,0
DA:300,0
DA:302,0
DA:306,0
DA:309,0
DA:310,0
DA:313,0
DA:314,0
DA:316,0
DA:317,0
DA:318,0
DA:319,0
DA:320,0
DA:321,0
DA:322,0
DA:325,0
DA:326,0
DA:329,0
DA:330,0
DA:332,0
DA:336,0
DA:337,0
DA:338,0
DA:340,0
DA:341,0
DA:342,0
DA:344,0
DA:348,0
DA:352,0
DA:353,0
DA:354,0
DA:355,0
DA:356,0
DA:357,0
DA:359,0
DA:360,0
DA:363,0
DA:364,0
DA:365,0
DA:366,0
DA:369,0
DA:370,0
DA:371,0
DA:372,0
DA:374,0
DA:376,0
DA:377,0
DA:378,0
DA:379,0
DA:380,0
DA:386,0
DA:390,0
DA:391,0
DA:392,0
DA:393,0
DA:394,0
DA:396,0
DA:398,0
DA:399,0
DA:404,0
DA:408,0
DA:409,0
DA:410,0
DA:411,0
DA:412,0
DA:413,0
DA:414,0
DA:415,0
DA:416,0
DA:418,0
DA:419,0
DA:422,0
DA:423,0
DA:424,0
DA:425,0
DA:429,0
DA:430,0
DA:431,0
DA:432,0
DA:433,0
DA:434,0
DA:435,0
DA:438,0
DA:441,0
DA:442,0
DA:443,0
DA:446,0
DA:447,0
DA:448,0
DA:454,0
DA:458,0
DA:459,0
DA:460,0
DA:461,0
DA:463,0
DA:464,0
DA:465,0
DA:468,0
DA:471,0
DA:472,0
DA:474,0
DA:477,0
DA:478,0
DA:479,0
DA:480,0
DA:483,0
DA:484,0
DA:487,0
DA:488,0
DA:489,0
DA:492,0
DA:497,0
DA:504,0
DA:505,0
DA:506,0
LF:137
LH:0
BRDA:294,0,0,0
BRDA:294,0,1,0
BRDA:308,1,0,0
BRDA:312,2,0,0
BRDA:320,3,0,0
BRDA:320,3,1,0
BRDA:321,4,0,0
BRDA:321,4,1,0
BRDA:335,5,0,0
BRDA:341,6,0,0
BRDA:341,6,1,0
BRDA:352,7,0,0
BRDA:352,7,1,0
BRDA:359,8,0,0
BRDA:359,8,1,0
BRDA:363,9,0,0
BRDA:363,9,1,0
BRDA:390,10,0,0
BRDA:390,10,1,0
BRDA:408,11,0,0
BRDA:408,11,1,0
BRDA:418,12,0,0
BRDA:418,12,1,0
BRDA:422,13,0,0
BRDA:422,13,1,0
BRDA:459,14,0,0
BRDA:459,14,1,0
BRDA:464,15,0,0
BRDA:464,15,1,0
BRDA:471,16,0,0
BRDA:471,16,1,0
BRDA:471,17,0,0
BRDA:471,17,1,0
BRDA:477,18,0,0
BRDA:477,18,1,0
BRDA:479,19,0,0
BRDA:479,19,1,0
BRDA:504,20,0,0
BRDA:504,20,1,0
BRF:39
BRH:0
end_of_record
TN:
SF:/Users/nat/KBProIDE3/src/engine/components/editor/ActionbarNewFile.vue
FN:21,(anonymous_1)
FNF:1
FNH:0
FNDA:0,(anonymous_1)
DA:10,0
DA:13,0
DA:18,0
DA:22,0
DA:23,0
DA:25,0
DA:26,0
DA:29,0
DA:31,0
DA:39,0
DA:40,0
DA:41,0
DA:45,0
DA:55,0
DA:56,0
DA:57,0
DA:59,0
LF:17
LH:0
BRDA:22,0,0,0
BRDA:22,0,1,0
BRDA:26,1,0,0
BRDA:26,1,1,0
BRDA:26,2,0,0
BRDA:26,2,1,0
BRDA:26,2,2,0
BRDA:39,3,0,0
BRDA:39,3,1,0
BRDA:55,4,0,0
BRDA:55,4,1,0
BRDA:56,5,0,0
BRDA:56,5,1,0
BRF:13
BRH:0
end_of_record
TN:
SF:/Users/nat/KBProIDE3/src/engine/components/editor/ActionbarOpenFile.vue
FN:31,(anonymous_1)
FN:58,(anonymous_2)
FN:83,(anonymous_3)
FNF:3
FNH:0
FNDA:0,(anonymous_1)
FNDA:0,(anonymous_2)
FNDA:0,(anonymous_3)
DA:13,0
DA:14,0
DA:16,0
DA:17,0
DA:18,0
DA:19,0
DA:23,0
DA:28,0
DA:32,0
DA:33,0
DA:34,0
DA:35,0
DA:43,0
DA:44,0
DA:50,0
DA:51,0
DA:52,0
DA:53,0
DA:54,0
DA:55,0
DA:56,0
DA:58,0
DA:62,0
DA:70,0
DA:71,0
DA:77,0
DA:78,0
DA:79,0
DA:80,0
DA:83,0
LF:30
LH:0
BRDA:34,0,0,0
BRDA:34,0,1,0
BRDA:43,1,0,0
BRDA:43,1,1,0
BRDA:51,2,0,0
BRDA:51,2,1,0
BRDA:70,3,0,0
BRDA:70,3,1,0
BRDA:78,4,0,0
BRDA:78,4,1,0
BRF:10
BRH:0
end_of_record
TN:
SF:/Users/nat/KBProIDE3/src/engine/components/editor/ActionbarSaveFile.vue
FN:26,(anonymous_1)
FN:42,(anonymous_2)
FN:57,(anonymous_3)
FNF:3
FNH:0
FNDA:0,(anonymous_1)
FNDA:0,(anonymous_2)
FNDA:0,(anonymous_3)
DA:11,0
DA:12,0
DA:13,0
DA:14,0
DA:15,0
DA:18,0
DA:23,0
DA:27,0
DA:28,0
DA:29,0
DA:35,0
DA:36,0
DA:37,0
DA:38,0
DA:39,0
DA:40,0
DA:42,0
DA:45,0
DA:51,0
DA:52,0
DA:53,0
DA:54,0
DA:55,0
DA:57,0
LF:24
LH:0
BRDA:28,0,0,0
BRDA:28,0,1,0
BRDA:36,1,0,0
BRDA:36,1,1,0
BRDA:52,2,0,0
BRDA:52,2,1,0
BRF:6
BRH:0
end_of_record
TN:
SF:/Users/nat/KBProIDE3/src/engine/components/editor/Page.vue
FN:110,(anonymous_1)
FN:114,(anonymous_2)
FN:119,(anonymous_3)
FN:142,(anonymous_4)
FN:154,(anonymous_5)
FN:159,(anonymous_6)
FN:161,(anonymous_7)
FN:176,(anonymous_8)
FN:187,(anonymous_9)
FN:196,(anonymous_10)
FN:202,(anonymous_11)
FN:203,(anonymous_12)
FN:206,(anonymous_13)
FN:209,(anonymous_14)
FN:261,(anonymous_15)
FN:276,(anonymous_16)
FN:284,(anonymous_17)
FN:292,(anonymous_18)
FN:299,(anonymous_19)
FN:306,(anonymous_20)
FN:313,(anonymous_21)
FN:321,(anonymous_22)
FN:333,(anonymous_23)
FN:361,(anonymous_24)
FN:364,(anonymous_25)
FN:376,(anonymous_26)
FN:378,(anonymous_27)
FN:380,(anonymous_28)
FN:387,(anonymous_29)
FN:389,(anonymous_30)
FN:391,(anonymous_31)
FN:454,(anonymous_32)
FN:476,(anonymous_33)
FN:507,(anonymous_34)
FN:561,(anonymous_35)
FN:568,(anonymous_36)
FN:574,(anonymous_37)
FNF:37
FNH:0
FNDA:0,(anonymous_1)
FNDA:0,(anonymous_2)
FNDA:0,(anonymous_3)
FNDA:0,(anonymous_4)
FNDA:0,(anonymous_5)
FNDA:0,(anonymous_6)
FNDA:0,(anonymous_7)
FNDA:0,(anonymous_8)
FNDA:0,(anonymous_9)
FNDA:0,(anonymous_10)
FNDA:0,(anonymous_11)
FNDA:0,(anonymous_12)
FNDA:0,(anonymous_13)
FNDA:0,(anonymous_14)
FNDA:0,(anonymous_15)
FNDA:0,(anonymous_16)
FNDA:0,(anonymous_17)
FNDA:0,(anonymous_18)
FNDA:0,(anonymous_19)
FNDA:0,(anonymous_20)
FNDA:0,(anonymous_21)
FNDA:0,(anonymous_22)
FNDA:0,(anonymous_23)
FNDA:0,(anonymous_24)
FNDA:0,(anonymous_25)
FNDA:0,(anonymous_26)
FNDA:0,(anonymous_27)
FNDA:0,(anonymous_28)
FNDA:0,(anonymous_29)
FNDA:0,(anonymous_30)
FNDA:0,(anonymous_31)
FNDA:0,(anonymous_32)
FNDA:0,(anonymous_33)
FNDA:0,(anonymous_34)
FNDA:0,(anonymous_35)
FNDA:0,(anonymous_36)
FNDA:0,(anonymous_37)
DA:69,0
DA:70,0
DA:72,0
DA:74,0
DA:75,0
DA:77,0
DA:78,0
DA:79,0
DA:80,0
DA:81,0
DA:82,0
DA:84,0
DA:85,0
DA:86,0
DA:90,0
DA:92,0
DA:94,0
DA:95,0
DA:96,0
DA:97,0
DA:98,0
DA:100,0
DA:102,0
DA:104,0
DA:106,0
DA:107,0
DA:108,0
DA:110,0
DA:111,0
DA:114,0
DA:115,0
DA:116,0
DA:117,0
DA:119,0
DA:120,0
DA:121,0
DA:122,0
DA:124,0
DA:126,0
DA:127,0
DA:129,0
DA:130,0
DA:132,0
DA:133,0
DA:134,0
DA:135,0
DA:136,0
DA:137,0
DA:138,0
DA:139,0
DA:140,0
DA:141,0
DA:142,0
DA:143,0
DA:145,0
DA:146,0
DA:147,0
DA:148,0
DA:152,0
DA:154,0
DA:155,0
DA:156,0
DA:157,0
DA:159,0
DA:160,0
DA:161,0
DA:162,0
DA:163,0
DA:164,0
DA:166,0
DA:167,0
DA:168,0
DA:169,0
DA:170,0
DA:173,0
DA:176,0
DA:177,0
DA:181,0
DA:182,0
DA:183,0
DA:185,0
DA:187,0
DA:189,0
DA:190,0
DA:191,0
DA:193,0
DA:194,0
DA:196,0
DA:197,0
DA:198,0
DA:199,0
DA:200,0
DA:202,0
DA:203,0
DA:204,0
DA:205,0
DA:206,0
DA:207,0
DA:209,0
DA:210,0
DA:211,0
DA:213,0
DA:214,0
DA:215,0
DA:216,0
DA:217,0
DA:218,0
DA:221,0
DA:222,0
DA:242,0
DA:262,0
DA:263,0
DA:264,0
DA:265,0
DA:267,0
DA:275,0
DA:276,0
DA:277,0
DA:278,0
DA:280,0
DA:281,0
DA:284,0
DA:285,0
DA:286,0
DA:288,0
DA:289,0
DA:292,0
DA:293,0
DA:294,0
DA:296,0
DA:299,0
DA:300,0
DA:301,0
DA:303,0
DA:306,0
DA:307,0
DA:308,0
DA:310,0
DA:313,0
DA:314,0
DA:315,0
DA:317,0
DA:318,0
DA:321,0
DA:322,0
DA:323,0
DA:325,0
DA:326,0
DA:331,0
DA:332,0
DA:333,0
DA:334,0
DA:336,0
DA:337,0
DA:357,0
DA:358,0
DA:359,0
DA:361,0
DA:362,0
DA:363,0
DA:364,0
DA:365,0
DA:366,0
DA:367,0
DA:369,0
DA:371,0
DA:372,0
DA:374,0
DA:376,0
DA:377,0
DA:378,0
DA:380,0
DA:381,0
DA:382,0
DA:383,0
DA:385,0
DA:387,0
DA:388,0
DA:389,0
DA:391,0
DA:393,0
DA:394,0
DA:395,0
DA:397,0
DA:399,0
DA:401,0
DA:402,0
DA:403,0
DA:404,0
DA:405,0
DA:406,0
DA:408,0
DA:409,0
DA:411,0
DA:412,0
DA:414,0
DA:415,0
DA:416,0
DA:419,0
DA:421,0
DA:423,0
DA:425,0
DA:427,0
DA:428,0
DA:429,0
DA:434,0
DA:435,0
DA:436,0
DA:437,0
DA:440,0
DA:442,0
DA:446,0
DA:447,0
DA:448,0
DA:449,0
DA:454,0
DA:455,0
DA:456,0
DA:457,0
DA:461,0
DA:462,0
DA:463,0
DA:466,0
DA:467,0
DA:469,0
DA:470,0
DA:471,0
DA:474,0
DA:475,0
DA:476,0
DA:477,0
DA:481,0
DA:482,0
DA:483,0
DA:484,0
DA:485,0
DA:487,0
DA:489,0
DA:490,0
DA:491,0
DA:492,0
DA:493,0
DA:494,0
DA:500,0
DA:501,0
DA:502,0
DA:503,0
DA:509,0
DA:511,0
DA:512,0
DA:513,0
DA:514,0
DA:515,0
DA:516,0
DA:518,0
DA:519,0
DA:522,0
DA:524,0
DA:525,0
DA:528,0
DA:529,0
DA:532,0
DA:533,0
DA:537,0
DA:539,0
DA:540,0
DA:541,0
DA:554,0
DA:555,0
DA:556,0
DA:557,0
DA:560,0
DA:561,0
DA:562,0
DA:564,0
DA:566,0
DA:569,0
DA:570,0
DA:571,0
DA:572,0
DA:573,0
DA:574,0
DA:575,0
DA:576,0
DA:577,0
DA:578,0
DA:579,0
DA:580,0
DA:581,0
DA:582,0
DA:583,0
DA:586,0
DA:591,0
DA:599,0
LF:294
LH:0
BRDA:114,0,0,0
BRDA:116,1,0,0
BRDA:116,1,1,0
BRDA:120,2,0,0
BRDA:120,2,1,0
BRDA:121,3,0,0
BRDA:121,3,1,0
BRDA:126,4,0,0
BRDA:126,4,1,0
BRDA:129,5,0,0
BRDA:129,5,1,0
BRDA:132,6,0,0
BRDA:132,6,1,0
BRDA:134,7,0,0
BRDA:134,7,1,0
BRDA:134,8,0,0
BRDA:134,8,1,0
BRDA:136,9,0,0
BRDA:136,9,1,0
BRDA:136,10,0,0
BRDA:136,10,1,0
BRDA:136,10,2,0
BRDA:138,11,0,0
BRDA:138,11,1,0
BRDA:140,12,0,0
BRDA:140,12,1,0
BRDA:140,13,0,0
BRDA:140,13,1,0
BRDA:146,14,0,0
BRDA:146,14,1,0
BRDA:169,15,0,0
BRDA:169,15,1,0
BRDA:181,16,0,0
BRDA:181,16,1,0
BRDA:190,17,0,0
BRDA:190,17,1,0
BRDA:205,18,0,0
BRDA:205,18,1,0
BRDA:210,19,0,0
BRDA:210,19,1,0
BRDA:215,20,0,0
BRDA:215,20,1,0
BRDA:215,21,0,0
BRDA:215,21,1,0
BRDA:264,22,0,0
BRDA:264,22,1,0
BRDA:264,23,0,0
BRDA:264,23,1,0
BRDA:267,24,0,0
BRDA:267,24,1,0
BRDA:277,25,0,0
BRDA:277,25,1,0
BRDA:285,26,0,0
BRDA:285,26,1,0
BRDA:293,27,0,0
BRDA:293,27,1,0
BRDA:300,28,0,0
BRDA:300,28,1,0
BRDA:307,29,0,0
BRDA:307,29,1,0
BRDA:314,30,0,0
BRDA:314,30,1,0
BRDA:322,31,0,0
BRDA:322,31,1,0
BRDA:366,32,0,0
BRDA:366,32,1,0
BRDA:366,33,0,0
BRDA:366,33,1,0
BRDA:366,33,2,0
BRDA:377,34,0,0
BRDA:377,34,1,0
BRDA:388,35,0,0
BRDA:388,35,1,0
BRDA:411,36,0,0
BRDA:411,36,1,0
BRDA:435,37,0,0
BRDA:435,37,1,0
BRDA:436,38,0,0
BRDA:436,38,1,0
BRDA:447,39,0,0
BRDA:447,39,1,0
BRDA:456,40,0,0
BRDA:456,40,1,0
BRDA:460,41,0,0
BRDA:461,42,0,0
BRDA:461,42,1,0
BRDA:463,43,0,0
BRDA:463,43,1,0
BRDA:463,44,0,0
BRDA:463,44,1,0
BRDA:470,45,0,0
BRDA:470,45,1,0
BRDA:484,46,0,0
BRDA:484,46,1,0
BRDA:489,47,0,0
BRDA:489,47,1,0
BRDA:492,48,0,0
BRDA:492,48,1,0
BRDA:500,49,0,0
BRDA:500,49,1,0
BRDA:501,50,0,0
BRDA:501,50,1,0
BRDA:515,51,0,0
BRDA:515,51,1,0
BRDA:518,52,0,0
BRDA:518,52,1,0
BRDA:537,53,0,0
BRDA:537,53,1,0
BRDA:572,54,0,0
BRDA:572,54,1,0
BRDA:573,55,0,0
BRDA:573,55,1,0
BRDA:575,56,0,0
BRDA:575,56,1,0
BRDA:578,57,0,0
BRDA:578,57,1,0
BRF:116
BRH:0
end_of_record
TN:
SF:/Users/nat/KBProIDE3/src/engine/components/editor/Setting.vue
FNF:0
FNH:0
DA:28,0
DA:47,0
DA:48,0
DA:49,0
DA:56,0
DA:57,0
DA:58,0
LF:7
LH:0
BRDA:47,0,0,0
BRDA:47,0,1,0
BRDA:56,1,0,0
BRDA:56,1,1,0
BRF:4
BRH:0
end_of_record
TN:
SF:/Users/nat/KBProIDE3/src/engine/components/editor/ToolbarMode.vue
FN:113,(anonymous_1)
FN:129,(anonymous_2)
FN:134,(anonymous_3)
FN:148,(anonymous_4)
FN:153,(anonymous_5)
FN:157,(anonymous_6)
FNF:6
FNH:0
FNDA:0,(anonymous_1)
FNDA:0,(anonymous_2)
FNDA:0,(anonymous_3)
FNDA:0,(anonymous_4)
FNDA:0,(anonymous_5)
FNDA:0,(anonymous_6)
DA:77,0
DA:114,0
DA:115,0
DA:116,0
DA:117,0
DA:127,0
DA:128,0
DA:129,0
DA:130,0
DA:132,0
DA:133,0
DA:134,0
DA:135,0
DA:147,0
DA:148,0
DA:149,0
DA:153,0
DA:158,0
DA:159,0
LF:19
LH:0
BRDA:116,0,0,0
BRDA:116,0,1,0
BRDA:127,1,0,0
BRDA:127,1,1,0
BRDA:132,2,0,0
BRDA:132,2,1,0
BRDA:158,3,0,0
BRDA:158,3,1,0
BRF:8
BRH:0
end_of_record
TN:
SF:/Users/nat/KBProIDE3/src/engine/components/examples/ToolbarExample.vue
FN:159,(anonymous_1)
FN:194,(anonymous_2)
FN:206,(anonymous_3)
FNF:3
FNH:0
FNDA:0,(anonymous_1)
FNDA:0,(anonymous_2)
FNDA:0,(anonymous_3)
DA:124,0
DA:125,0
DA:126,0
DA:128,0
DA:129,0
DA:130,0
DA:137,0
DA:146,0
DA:153,0
DA:154,0
DA:155,0
DA:156,0
DA:158,0
DA:159,0
DA:160,0
DA:162,0
DA:163,0
DA:164,0
DA:165,0
DA:166,0
DA:167,0
DA:175,0
DA:178,0
DA:179,0
DA:182,0
DA:183,0
DA:186,0
DA:194,0
DA:196,0
DA:197,0
DA:198,0
DA:207,0
DA:208,0
DA:209,0
DA:210,0
LF:35
LH:0
BRDA:155,0,0,0
BRDA:155,0,1,0
BRDA:159,1,0,0
BRDA:159,1,1,0
BRDA:159,2,0,0
BRDA:159,2,1,0
BRDA:159,2,2,0
BRDA:165,3,0,0
BRDA:165,3,1,0
BRDA:196,4,0,0
BRDA:196,4,1,0
BRDA:207,5,0,0
BRDA:207,5,1,0
BRF:13
BRH:0
end_of_record
TN:
SF:/Users/nat/KBProIDE3/src/engine/components/package/_Toolbar.vue
FN:176,(anonymous_1)
FN:179,(anonymous_2)
FN:211,(anonymous_3)
FNF:3
FNH:0
FNDA:0,(anonymous_1)
FNDA:0,(anonymous_2)
FNDA:0,(anonymous_3)
DA:123,0
DA:124,0
DA:126,0
DA:127,0
DA:131,0
DA:132,0
DA:133,0
DA:140,0
DA:176,0
DA:179,0
DA:182,0
DA:186,0
DA:190,0
DA:199,0
DA:203,0
DA:206,0
DA:207,0
DA:208,0
DA:212,0
LF:19
LH:0
BRDA:212,0,0,0
BRDA:212,0,1,0
BRF:2
BRH:0
end_of_record
TN:
SF:/Users/nat/KBProIDE3/src/engine/components/plugin/Toolbar.vue
FN:194,(anonymous_1)
FN:198,(anonymous_2)
FN:211,(anonymous_3)
FN:216,(anonymous_4)
FN:233,(anonymous_5)
FN:237,(anonymous_6)
FN:238,(anonymous_7)
FN:254,(anonymous_8)
FN:260,(anonymous_9)
FN:265,(anonymous_10)
FN:277,(anonymous_11)
FN:289,(anonymous_12)
FN:297,(anonymous_13)
FN:298,(anonymous_14)
FN:302,(anonymous_15)
FN:308,(anonymous_16)
FN:319,(anonymous_17)
FN:325,(anonymous_18)
FN:326,(anonymous_19)
FN:333,(anonymous_20)
FN:341,(anonymous_21)
FN:346,(anonymous_22)
FN:361,(anonymous_23)
FN:365,(anonymous_24)
FN:368,(anonymous_25)
FN:375,(anonymous_26)
FN:378,(anonymous_27)
FN:381,(anonymous_28)
FN:385,(anonymous_29)
FN:389,(anonymous_30)
FN:401,(anonymous_31)
FN:411,(anonymous_32)
FN:417,(anonymous_33)
FN:429,(anonymous_34)
FN:449,(anonymous_35)
FNF:35
FNH:0
FNDA:0,(anonymous_1)
FNDA:0,(anonymous_2)
FNDA:0,(anonymous_3)
FNDA:0,(anonymous_4)
FNDA:0,(anonymous_5)
FNDA:0,(anonymous_6)
FNDA:0,(anonymous_7)
FNDA:0,(anonymous_8)
FNDA:0,(anonymous_9)
FNDA:0,(anonymous_10)
FNDA:0,(anonymous_11)
FNDA:0,(anonymous_12)
FNDA:0,(anonymous_13)
FNDA:0,(anonymous_14)
FNDA:0,(anonymous_15)
FNDA:0,(anonymous_16)
FNDA:0,(anonymous_17)
FNDA:0,(anonymous_18)
FNDA:0,(anonymous_19)
FNDA:0,(anonymous_20)
FNDA:0,(anonymous_21)
FNDA:0,(anonymous_22)
FNDA:0,(anonymous_23)
FNDA:0,(anonymous_24)
FNDA:0,(anonymous_25)
FNDA:0,(anonymous_26)
FNDA:0,(anonymous_27)
FNDA:0,(anonymous_28)
FNDA:0,(anonymous_29)
FNDA:0,(anonymous_30)
FNDA:0,(anonymous_31)
FNDA:0,(anonymous_32)
FNDA:0,(anonymous_33)
FNDA:0,(anonymous_34)
FNDA:0,(anonymous_35)
DA:176,0
DA:177,0
DA:178,0
DA:180,0
DA:181,0
DA:183,0
DA:187,0
DA:195,0
DA:196,0
DA:199,0
DA:200,0
DA:211,0
DA:212,0
DA:216,0
DA:217,0
DA:221,0
DA:224,0
DA:227,0
DA:228,0
DA:231,0
DA:232,0
DA:233,0
DA:235,0
DA:236,0
DA:237,0
DA:238,0
DA:241,0
DA:242,0
DA:243,0
DA:244,0
DA:247,0
DA:248,0
DA:251,0
DA:253,0
DA:255,0
DA:259,0
DA:260,0
DA:261,0
DA:262,0
DA:264,0
DA:265,0
DA:266,0
DA:269,0
DA:273,0
DA:274,0
DA:275,0
DA:276,0
DA:277,0
DA:279,0
DA:281,0
DA:284,0
DA:285,0
DA:286,0
DA:287,0
DA:291,0
DA:292,0
DA:293,0
DA:294,0
DA:295,0
DA:297,0
DA:299,0
DA:300,0
DA:301,0
DA:302,0
DA:303,0
DA:304,0
DA:309,0
DA:316,0
DA:317,0
DA:318,0
DA:319,0
DA:320,0
DA:321,0
DA:322,0
DA:323,0
DA:325,0
DA:327,0
DA:328,0
DA:329,0
DA:334,0
DA:338,0
DA:339,0
DA:340,0
DA:341,0
DA:342,0
DA:343,0
DA:344,0
DA:345,0
DA:346,0
DA:348,0
DA:350,0
DA:355,0
DA:356,0
DA:357,0
DA:358,0
DA:363,0
DA:364,0
DA:365,0
DA:366,0
DA:367,0
DA:368,0
DA:369,0
DA:375,0
DA:379,0
DA:380,0
DA:381,0
DA:382,0
DA:383,0
DA:385,0
DA:390,0
DA:394,0
DA:395,0
DA:400,0
DA:401,0
DA:403,0
DA:404,0
DA:406,0
DA:409,0
DA:412,0
DA:413,0
DA:415,0
DA:418,0
DA:419,0
DA:420,0
DA:421,0
DA:424,0
DA:427,0
DA:430,0
DA:431,0
DA:432,0
DA:437,0
DA:445,0
DA:450,0
DA:452,0
LF:134
LH:0
BRDA:226,0,0,0
BRDA:230,1,0,0
BRDA:241,2,0,0
BRDA:241,2,1,0
BRDA:242,3,0,0
BRDA:242,3,1,0
BRDA:258,4,0,0
BRDA:264,5,0,0
BRDA:264,5,1,0
BRDA:279,6,0,0
BRDA:279,6,1,0
BRDA:284,7,0,0
BRDA:284,7,1,0
BRDA:316,8,0,0
BRDA:316,8,1,0
BRDA:338,9,0,0
BRDA:338,9,1,0
BRDA:348,10,0,0
BRDA:348,10,1,0
BRDA:355,11,0,0
BRDA:355,11,1,0
BRDA:395,12,0,0
BRDA:395,12,1,0
BRDA:404,13,0,0
BRDA:404,13,1,0
BRDA:412,14,0,0
BRDA:412,14,1,0
BRDA:412,15,0,0
BRDA:412,15,1,0
BRDA:418,16,0,0
BRDA:418,16,1,0
BRDA:420,17,0,0
BRDA:420,17,1,0
BRDA:450,18,0,0
BRDA:450,18,1,0
BRF:35
BRH:0
end_of_record
TN:
SF:/Users/nat/KBProIDE3/src/engine/components/serial_monitor/SerialMonitor.vue
FN:424,(anonymous_1)
FN:429,(anonymous_2)
FN:445,(anonymous_3)
FN:446,(anonymous_4)
FN:450,(anonymous_5)
FN:452,(anonymous_6)
FN:453,(anonymous_7)
FN:458,(anonymous_8)
FN:462,(anonymous_9)
FN:466,(anonymous_10)
FN:471,(anonymous_11)
FN:496,(anonymous_12)
FN:501,(anonymous_13)
FN:505,(anonymous_14)
FN:508,(anonymous_15)
FN:513,(anonymous_16)
FN:528,(anonymous_17)
FN:546,(anonymous_18)
FN:549,(anonymous_19)
FN:550,(anonymous_20)
FN:555,(anonymous_21)
FN:571,(anonymous_22)
FN:581,(anonymous_23)
FN:582,(anonymous_24)
FN:588,(anonymous_25)
FN:636,(anonymous_26)
FNF:26
FNH:0
FNDA:0,(anonymous_1)
FNDA:0,(anonymous_2)
FNDA:0,(anonymous_3)
FNDA:0,(anonymous_4)
FNDA:0,(anonymous_5)
FNDA:0,(anonymous_6)
FNDA:0,(anonymous_7)
FNDA:0,(anonymous_8)
FNDA:0,(anonymous_9)
FNDA:0,(anonymous_10)
FNDA:0,(anonymous_11)
FNDA:0,(anonymous_12)
FNDA:0,(anonymous_13)
FNDA:0,(anonymous_14)
FNDA:0,(anonymous_15)
FNDA:0,(anonymous_16)
FNDA:0,(anonymous_17)
FNDA:0,(anonymous_18)
FNDA:0,(anonymous_19)
FNDA:0,(anonymous_20)
FNDA:0,(anonymous_21)
FNDA:0,(anonymous_22)
FNDA:0,(anonymous_23)
FNDA:0,(anonymous_24)
FNDA:0,(anonymous_25)
FNDA:0,(anonymous_26)
DA:302,0
DA:304,0
DA:306,0
DA:307,0
DA:308,0
DA:319,0
DA:422,0
DA:423,0
DA:424,0
DA:425,0
DA:426,0
DA:429,0
DA:430,0
DA:437,0
DA:438,0
DA:443,0
DA:446,0
DA:447,0
DA:448,0
DA:451,0
DA:452,0
DA:453,0
DA:455,0
DA:456,0
DA:459,0
DA:463,0
DA:464,0
DA:465,0
DA:466,0
DA:467,0
DA:472,0
DA:473,0
DA:474,0
DA:476,0
DA:477,0
DA:478,0
DA:479,0
DA:480,0
DA:481,0
DA:482,0
DA:483,0
DA:490,0
DA:491,0
DA:492,0
DA:493,0
DA:497,0
DA:498,0
DA:499,0
DA:502,0
DA:503,0
DA:506,0
DA:509,0
DA:510,0
DA:511,0
DA:514,0
DA:515,0
DA:516,0
DA:518,0
DA:519,0
DA:520,0
DA:521,0
DA:523,0
DA:524,0
DA:525,0
DA:529,0
DA:530,0
DA:532,0
DA:533,0
DA:535,0
DA:536,0
DA:538,0
DA:539,0
DA:540,0
DA:541,0
DA:543,0
DA:544,0
DA:545,0
DA:546,0
DA:550,0
DA:551,0
DA:552,0
DA:556,0
DA:558,0
DA:559,0
DA:560,0
DA:562,0
DA:564,0
DA:565,0
DA:568,0
DA:569,0
DA:570,0
DA:571,0
DA:572,0
DA:577,0
DA:578,0
DA:579,0
DA:580,0
DA:581,0
DA:582,0
DA:583,0
DA:584,0
DA:586,0
DA:587,0
DA:588,0
DA:589,0
DA:590,0
DA:602,0
DA:604,0
DA:605,0
DA:606,0
DA:608,0
DA:609,0
DA:611,0
DA:613,0
DA:615,0
DA:616,0
DA:618,0
DA:620,0
DA:623,0
DA:624,0
DA:625,0
DA:626,0
DA:627,0
DA:628,0
DA:629,0
DA:630,0
DA:631,0
DA:634,0
DA:637,0
DA:640,0
DA:641,0
DA:643,0
DA:644,0
DA:645,0
DA:646,0
DA:647,0
DA:649,0
DA:652,0
DA:653,0
DA:654,0
DA:655,0
LF:141
LH:0
BRDA:425,0,0,0
BRDA:425,0,1,0
BRDA:425,1,0,0
BRDA:425,1,1,0
BRDA:437,2,0,0
BRDA:437,2,1,0
BRDA:437,3,0,0
BRDA:437,3,1,0
BRDA:455,4,0,0
BRDA:455,4,1,0
BRDA:463,5,0,0
BRDA:463,5,1,0
BRDA:463,6,0,0
BRDA:463,6,1,0
BRDA:472,7,0,0
BRDA:472,7,1,0
BRDA:472,8,0,0
BRDA:472,8,1,0
BRDA:514,9,0,0
BRDA:514,9,1,0
BRDA:518,10,0,0
BRDA:518,10,1,0
BRDA:529,11,0,0
BRDA:529,11,1,0
BRDA:532,12,0,0
BRDA:532,12,1,0
BRDA:535,13,0,0
BRDA:535,13,1,0
BRDA:538,14,0,0
BRDA:538,14,1,0
BRDA:538,15,0,0
BRDA:538,15,1,0
BRDA:543,16,0,0
BRDA:543,16,1,0
BRDA:558,17,0,0
BRDA:558,17,1,0
BRDA:564,18,0,0
BRDA:564,18,1,0
BRDA:568,19,0,0
BRDA:568,19,1,0
BRDA:570,20,0,0
BRDA:570,20,1,0
BRDA:578,21,0,0
BRDA:578,21,1,0
BRDA:579,22,0,0
BRDA:579,22,1,0
BRDA:583,23,0,0
BRDA:583,23,1,0
BRDA:586,24,0,0
BRDA:586,24,1,0
BRDA:588,25,0,0
BRDA:588,25,1,0
BRDA:604,26,0,0
BRDA:604,26,1,0
BRDA:606,27,0,0
BRDA:606,27,1,0
BRDA:613,28,0,0
BRDA:613,28,1,0
BRDA:640,29,0,0
BRDA:640,29,1,0
BRDA:646,30,0,0
BRDA:646,30,1,0
BRDA:652,31,0,0
BRDA:652,31,1,0
BRDA:654,32,0,0
BRDA:654,32,1,0
BRF:66
BRH:0
end_of_record
TN:
SF:/Users/nat/KBProIDE3/src/engine/components/setting/RightDrawer.vue
FN:64,(anonymous_1)
FN:69,(anonymous_2)
FN:70,(anonymous_3)
FNF:3
FNH:0
FNDA:0,(anonymous_1)
FNDA:0,(anonymous_2)
FNDA:0,(anonymous_3)
DA:56,0
DA:57,0
DA:58,0
DA:64,0
DA:70,0
DA:71,0
DA:72,0
DA:78,0
DA:165,0
DA:166,0
DA:167,0
DA:168,0
LF:12
LH:0
BRDA:71,0,0,0
BRDA:71,0,1,0
BRDA:165,1,0,0
BRDA:165,1,1,0
BRF:4
BRH:0
end_of_record
TN:
SF:/Users/nat/KBProIDE3/src/engine/components/setting/Toolbar.vue
FN:13,(anonymous_1)
FNF:1
FNH:0
FNDA:0,(anonymous_1)
DA:10,0
DA:13,0
LF:2
LH:0
BRF:0
BRH:0
end_of_record
TN:
SF:/Users/nat/KBProIDE3/src/engine/updater/AppUpdater.vue
FN:82,(anonymous_1)
FN:94,(anonymous_2)
FN:95,(anonymous_3)
FN:112,(anonymous_4)
FN:135,(anonymous_5)
FN:137,(anonymous_6)
FN:175,(anonymous_7)
FN:180,(anonymous_8)
FN:196,(anonymous_9)
FN:204,(anonymous_10)
FN:210,(anonymous_11)
FN:216,(anonymous_12)
FN:219,(anonymous_13)
FN:223,(anonymous_14)
FN:228,(anonymous_15)
FN:230,(anonymous_16)
FN:258,(anonymous_17)
FNF:17
FNH:0
FNDA:0,(anonymous_1)
FNDA:0,(anonymous_2)
FNDA:0,(anonymous_3)
FNDA:0,(anonymous_4)
FNDA:0,(anonymous_5)
FNDA:0,(anonymous_6)
FNDA:0,(anonymous_7)
FNDA:0,(anonymous_8)
FNDA:0,(anonymous_9)
FNDA:0,(anonymous_10)
FNDA:0,(anonymous_11)
FNDA:0,(anonymous_12)
FNDA:0,(anonymous_13)
FNDA:0,(anonymous_14)
FNDA:0,(anonymous_15)
FNDA:0,(anonymous_16)
FNDA:0,(anonymous_17)
DA:55,0
DA:56,0
DA:57,0
DA:59,0
DA:60,0
DA:61,0
DA:63,0
DA:68,0
DA:80,0
DA:81,0
DA:82,0
DA:83,0
DA:84,0
DA:91,0
DA:94,0
DA:95,0
DA:96,0
DA:97,0
DA:98,0
DA:99,0
DA:100,0
DA:101,0
DA:102,0
DA:103,0
DA:104,0
DA:105,0
DA:107,0
DA:112,0
DA:113,0
DA:114,0
DA:118,0
DA:119,0
DA:121,0
DA:122,0
DA:123,0
DA:124,0
DA:125,0
DA:127,0
DA:129,0
DA:130,0
DA:136,0
DA:137,0
DA:143,0
DA:144,0
DA:145,0
DA:146,0
DA:147,0
DA:148,0
DA:149,0
DA:150,0
DA:152,0
DA:153,0
DA:154,0
DA:156,0
DA:157,0
DA:159,0
DA:161,0
DA:162,0
DA:164,0
DA:171,0
DA:172,0
DA:174,0
DA:176,0
DA:177,0
DA:178,0
DA:180,0
DA:184,0
DA:185,0
DA:188,0
DA:191,0
DA:192,0
DA:194,0
DA:195,0
DA:196,0
DA:197,0
DA:198,0
DA:199,0
DA:200,0
DA:202,0
DA:203,0
DA:204,0
DA:205,0
DA:206,0
DA:209,0
DA:211,0
DA:213,0
DA:214,0
DA:215,0
DA:216,0
DA:217,0
DA:218,0
DA:219,0
DA:220,0
DA:223,0
DA:227,0
DA:230,0
DA:234,0
DA:235,0
DA:236,0
DA:237,0
DA:242,0
DA:243,0
DA:244,0
DA:250,0
DA:256,0
DA:257,0
DA:258,0
DA:259,0
LF:108
LH:0
BRDA:93,0,0,0
BRDA:96,1,0,0
BRDA:96,1,1,0
BRDA:100,2,0,0
BRDA:100,2,1,0
BRDA:102,3,0,0
BRDA:102,3,1,0
BRDA:104,4,0,0
BRDA:104,4,1,0
BRDA:113,5,0,0
BRDA:113,5,1,0
BRDA:114,6,0,0
BRDA:114,6,1,0
BRDA:114,7,0,0
BRDA:114,7,1,0
BRDA:123,8,0,0
BRDA:123,8,1,0
BRDA:124,9,0,0
BRDA:124,9,1,0
BRDA:136,10,0,0
BRDA:136,10,1,0
BRDA:143,11,0,0
BRDA:143,11,1,0
BRDA:149,12,0,0
BRDA:149,12,1,0
BRDA:153,13,0,0
BRDA:153,13,1,0
BRDA:156,14,0,0
BRDA:156,14,1,0
BRDA:159,15,0,0
BRDA:159,15,1,0
BRDA:159,16,0,0
BRDA:159,16,1,0
BRDA:171,17,0,0
BRDA:171,17,1,0
BRDA:177,18,0,0
BRDA:177,18,1,0
BRDA:185,19,0,0
BRDA:185,19,1,0
BRDA:194,20,0,0
BRDA:194,20,1,0
BRDA:197,21,0,0
BRDA:197,21,1,0
BRDA:213,22,0,0
BRDA:213,22,1,0
BRDA:242,23,0,0
BRDA:242,23,1,0
BRF:47
BRH:0
end_of_record
TN:
SF:/Users/nat/KBProIDE3/src/engine/views/AppFooter.vue
FN:43,(anonymous_1)
FN:56,(anonymous_2)
FN:64,(anonymous_3)
FN:72,(anonymous_4)
FN:79,(anonymous_5)
FN:106,(anonymous_6)
FN:109,(anonymous_7)
FNF:7
FNH:0
FNDA:0,(anonymous_1)
FNDA:0,(anonymous_2)
FNDA:0,(anonymous_3)
FNDA:0,(anonymous_4)
FNDA:0,(anonymous_5)
FNDA:0,(anonymous_6)
FNDA:0,(anonymous_7)
DA:38,0
DA:39,0
DA:40,0
DA:43,0
DA:51,0
DA:52,0
DA:53,0
DA:57,0
DA:58,0
DA:59,0
DA:61,0
DA:65,0
DA:66,0
DA:67,0
DA:69,0
DA:73,0
DA:74,0
DA:75,0
DA:76,0
DA:80,0
DA:81,0
DA:82,0
DA:83,0
DA:84,0
DA:85,0
DA:86,0
DA:88,0
DA:89,0
DA:90,0
DA:91,0
DA:93,0
DA:94,0
DA:95,0
DA:96,0
DA:97,0
DA:98,0
DA:100,0
DA:101,0
DA:103,0
DA:107,0
DA:110,0
LF:41
LH:0
BRDA:57,0,0,0
BRDA:57,0,1,0
BRDA:65,1,0,0
BRDA:65,1,1,0
BRDA:73,2,0,0
BRDA:73,2,1,0
BRDA:81,3,0,0
BRDA:81,3,1,0
BRDA:82,4,0,0
BRDA:82,4,1,0
BRDA:85,5,0,0
BRDA:85,5,1,0
BRDA:89,6,0,0
BRDA:89,6,1,0
BRDA:89,7,0,0
BRDA:89,7,1,0
BRDA:89,7,2,0
BRDA:93,8,0,0
BRDA:93,8,1,0
BRDA:97,9,0,0
BRDA:97,9,1,0
BRDA:100,10,0,0
BRDA:100,10,1,0
BRF:23
BRH:0
end_of_record
TN:
SF:/Users/nat/KBProIDE3/src/engine/views/AppToolbar.vue
FN:81,(anonymous_1)
FNF:1
FNH:0
FNDA:0,(anonymous_1)
DA:62,0
DA:63,0
DA:64,0
DA:65,0
DA:66,0
DA:67,0
DA:81,0
DA:90,0
DA:95,0
DA:98,0
DA:101,0
DA:104,0
LF:12
LH:0
BRF:0
BRH:0
end_of_record
TN:
SF:/Users/nat/KBProIDE3/src/engine/views/Notification.vue
FNF:0
FNH:0
DA:64,0
DA:66,0
DA:67,0
DA:75,0
DA:98,0
LF:5
LH:0
BRF:0
BRH:0
end_of_record
TN:
SF:/Users/nat/KBProIDE3/src/engine/views/ThemeSettings.vue
FNF:0
FNH:0
DA:52,0
DA:53,0
DA:56,0
DA:64,0
DA:151,0
DA:153,0
DA:159,0
LF:7
LH:0
BRF:0
BRH:0
end_of_record
TN:
SF:/Users/nat/KBProIDE3/src/engine/views/VWidget.vue
FNF:0
FNH:0
DA:35,0
LF:1
LH:0
BRF:0
BRH:0
end_of_record
TN:
SF:/Users/nat/KBProIDE3/src/engine/views/dialog/PianoDialog.vue
FN:58,(anonymous_1)
FN:60,(anonymous_2)
FN:66,(anonymous_3)
FN:76,(anonymous_4)
FNF:4
FNH:0
FNDA:0,(anonymous_1)
FNDA:0,(anonymous_2)
FNDA:0,(anonymous_3)
FNDA:0,(anonymous_4)
DA:38,0
DA:39,0
DA:45,0
DA:54,0
DA:58,0
DA:59,0
DA:61,0
DA:67,0
DA:68,0
DA:70,0
DA:73,0
DA:76,0
LF:12
LH:0
BRDA:67,0,0,0
BRDA:67,0,1,0
BRF:2
BRH:0
end_of_record
TN:
SF:/Users/nat/KBProIDE3/src/engine/views/dialog/TTSDialog.vue
FN:56,(anonymous_1)
FN:58,(anonymous_2)
FN:68,(anonymous_3)
FNF:3
FNH:0
FNDA:0,(anonymous_1)
FNDA:0,(anonymous_2)
FNDA:0,(anonymous_3)
DA:35,0
DA:36,0
DA:48,0
DA:56,0
DA:57,0
DA:59,0
DA:65,0
DA:68,0
LF:8
LH:0
BRF:0
BRH:0
end_of_record
TN:
SF:/Users/nat/KBProIDE3/src/engine/views/dialog/VariableNamingDialog.vue
FN:41,(anonymous_1)
FNF:1
FNH:0
FNDA:0,(anonymous_1)
DA:28,0
DA:37,0
DA:42,0
DA:43,0
DA:44,0
DA:45,0
DA:47,0
DA:54,0
DA:57,0
LF:9
LH:0
BRDA:44,0,0,0
BRDA:44,0,1,0
BRDA:44,1,0,0
BRDA:44,1,1,0
BRDA:47,2,0,0
BRDA:47,2,1,0
BRF:6
BRH:0
end_of_record
TN:
SF:/Users/nat/KBProIDE3/src/engine/views/page/Deny.vue
FNF:0
FNH:0
DA:24,0
LF:1
LH:0
BRF:0
BRH:0
end_of_record
TN:
SF:/Users/nat/KBProIDE3/src/engine/views/page/Error.vue
FNF:0
FNH:0
DA:24,0
LF:1
LH:0
BRF:0
BRH:0
end_of_record
TN:
SF:/Users/nat/KBProIDE3/src/engine/views/page/Login.vue
FN:41,(anonymous_1)
FN:52,(anonymous_2)
FNF:2
FNH:0
FNDA:0,(anonymous_1)
FNDA:0,(anonymous_2)
DA:41,0
DA:51,0
DA:52,0
DA:53,0
LF:4
LH:0
BRF:0
BRH:0
end_of_record
TN:
SF:/Users/nat/KBProIDE3/src/engine/views/page/NotFound.vue
FNF:0
FNH:0
DA:21,0
LF:1
LH:0
BRF:0
BRH:0
end_of_record
TN:
SF:/Users/nat/KBProIDE3/src/engine/views/widgets/card/UserSelectCard.vue
FN:83,(anonymous_1)
FN:110,(anonymous_2)
FNF:2
FNH:0
FNDA:0,(anonymous_1)
FNDA:0,(anonymous_2)
DA:83,0
DA:89,0
DA:92,0
DA:95,0
DA:98,0
DA:102,0
DA:106,0
DA:111,0
LF:8
LH:0
BRDA:89,0,0,0
BRDA:89,0,1,0
BRDA:92,1,0,0
BRDA:92,1,1,0
BRDA:95,2,0,0
BRDA:95,2,1,0
BRDA:98,3,0,0
BRDA:98,3,1,0
BRDA:102,4,0,0
BRDA:102,4,1,0
BRDA:106,5,0,0
BRDA:106,5,1,0
BRF:12
BRH:0
end_of_record
TN:
SF:/Users/nat/KBProIDE3/src/engine/views/widgets/list/SmoothScrollbar.vue
FN:18,(anonymous_1)
FNF:1
FNH:0
FNDA:0,(anonymous_1)
DA:8,0
DA:9,0
DA:18,0
DA:22,0
DA:44,0
DA:48,0
DA:52,0
DA:53,0
LF:8
LH:0
BRF:0
BRH:0
end_of_record
TN:
SF:/Users/nat/KBProIDE3/src/engine/views/widgets/list/TreeMenu.vue
FN:82,(anonymous_1)
FN:87,(anonymous_2)
FNF:2
FNH:0
FNDA:0,(anonymous_1)
FNDA:0,(anonymous_2)
DA:67,0
DA:68,0
DA:69,0
DA:70,0
DA:78,0
DA:82,0
DA:83,0
DA:86,0
DA:87,0
DA:88,0
DA:91,0
DA:95,0
DA:96,0
DA:97,0
DA:98,0
DA:99,0
DA:100,0
DA:101,0
DA:102,0
DA:103,0
DA:104,0
DA:109,0
DA:112,0
DA:115,0
DA:118,0
LF:25
LH:0
BRDA:83,0,0,0
BRDA:83,0,1,0
BRDA:86,1,0,0
BRDA:86,1,1,0
BRDA:99,2,0,0
BRDA:99,2,1,0
BRDA:99,3,0,0
BRDA:99,3,1,0
BRDA:102,4,0,0
BRDA:102,4,1,0
BRF:10
BRH:0
end_of_record
TN:
SF:/Users/nat/KBProIDE3/src/engine/views/widgets/piano/Piano.vue
FN:24,(anonymous_1)
FNF:1
FNH:0
FNDA:0,(anonymous_1)
DA:10,0
DA:11,0
DA:16,0
DA:25,0
LF:4
LH:0
BRF:0
BRH:0
end_of_record
TN:
SF:/Users/nat/KBProIDE3/src/engine/views/widgets/piano/PianoKey.vue
FN:21,(anonymous_1)
FN:29,(anonymous_2)
FNF:2
FNH:0
FNDA:0,(anonymous_1)
FNDA:0,(anonymous_2)
DA:18,0
DA:22,0
DA:30,0
LF:3
LH:0
BRF:0
BRH:0
end_of_record
